<?xml version="1.0" encoding="UTF-8"?>
<testsuite name="TestTest" tests="1" skipped="0" failures="0" errors="0" timestamp="2025-03-03T14:17:33" hostname="DESKTOP-QFDCA28" time="0.085">
  <properties/>
  <testcase name="First Test" classname="TestTest" time="0.085"/>
  <system-out><![CDATA[]]></system-out>
  <system-err><![CDATA[]]></system-err>
</testsuite>
